  Bullet.cpp
C:\Users\kondr\source\repos\Space_ship\Space_ship\Bullet.cpp(9,99): warning C4244: =: преобразование "double" в "float", возможна потеря данных
C:\Users\kondr\source\repos\Space_ship\Space_ship\Bullet.cpp(29,99): warning C4244: =: преобразование "double" в "float", возможна потеря данных
C:\Users\kondr\source\repos\Space_ship\Space_ship\Bullet.cpp(87,65): warning C4244: аргумент: преобразование "double" в "float", возможна потеря данных
C:\Users\kondr\source\repos\Space_ship\Space_ship\Bullet.cpp(88,65): warning C4244: аргумент: преобразование "double" в "float", возможна потеря данных
C:\Users\kondr\source\repos\Space_ship\Space_ship\Bullet.cpp(94,38): warning C4267: инициализация: преобразование из "size_t" в "int"; возможна потеря данных
C:\Users\kondr\source\repos\Space_ship\Space_ship\Bullet.cpp(105,65): warning C4244: аргумент: преобразование "double" в "float", возможна потеря данных
C:\Users\kondr\source\repos\Space_ship\Space_ship\Bullet.cpp(106,65): warning C4244: аргумент: преобразование "double" в "float", возможна потеря данных
C:\Users\kondr\source\repos\Space_ship\Space_ship\Bullet.cpp(112,38): warning C4267: инициализация: преобразование из "size_t" в "int"; возможна потеря данных
C:\Users\kondr\source\repos\Space_ship\Space_ship\Bullet.cpp(123,29): warning C4244: аргумент: преобразование "double" в "float", возможна потеря данных
C:\Users\kondr\source\repos\Space_ship\Space_ship\Bullet.cpp(124,29): warning C4244: аргумент: преобразование "double" в "float", возможна потеря данных
C:\Users\kondr\source\repos\Space_ship\Space_ship\Bullet.cpp(130,38): warning C4267: инициализация: преобразование из "size_t" в "int"; возможна потеря данных
C:\Users\kondr\source\repos\Space_ship\Space_ship\Bullet.cpp(145,105): warning C4244: аргумент: преобразование "double" в "T", возможна потеря данных
          with
          [
              T=float
          ]
C:\Users\kondr\source\repos\Space_ship\Space_ship\Bullet.cpp(144,121): warning C4244: аргумент: преобразование "double" в "T", возможна потеря данных
          with
          [
              T=float
          ]
  Space_ship.vcxproj -> C:\Users\kondr\source\repos\Space_ship\x64\Debug\Space_ship.exe
